/home/petty/torch-env/lib/python3.12/site-packages/torchvision/datasets/cifar.py:83: VisibleDeprecationWarning: dtype(): align should be passed as Python or NumPy boolean but got `align=0`. Did you mean to pass a tuple to create a subarray type? (Deprecated NumPy 2.4)
  entry = pickle.load(f, encoding="latin1")
Device: cuda
Loading checkpoint: vgg16_pruned_and_compressed_v4_99pct.pt
Sparsity: 0.9919  active=1,085,377 / 134,289,088
Baseline | test loss=0.4266 | test acc=0.8572
Epoch   1/100 | lr=1.00e-04 | test loss=0.4069 | test acc=0.8596 ← best
  → checkpoint saved (0.8596)
Epoch   2/100 | lr=9.99e-05 | test loss=0.4002 | test acc=0.8622 ← best
  → checkpoint saved (0.8622)
Epoch   3/100 | lr=9.98e-05 | test loss=0.3876 | test acc=0.8661 ← best
  → checkpoint saved (0.8661)
Epoch   4/100 | lr=9.96e-05 | test loss=0.3928 | test acc=0.8638
Epoch   5/100 | lr=9.94e-05 | test loss=0.3918 | test acc=0.8641
Epoch   6/100 | lr=9.92e-05 | test loss=0.3886 | test acc=0.8645
Epoch   7/100 | lr=9.89e-05 | test loss=0.3854 | test acc=0.8671 ← best
  → checkpoint saved (0.8671)
Epoch   8/100 | lr=9.86e-05 | test loss=0.3745 | test acc=0.8746 ← best
  → checkpoint saved (0.8746)
Epoch   9/100 | lr=9.82e-05 | test loss=0.3826 | test acc=0.8696
Epoch  10/100 | lr=9.78e-05 | test loss=0.3759 | test acc=0.8698
  → periodic checkpoint: vgg16_finetuned_99pct_ep10.pt
Epoch  11/100 | lr=9.73e-05 | test loss=0.3717 | test acc=0.8735
Epoch  12/100 | lr=9.68e-05 | test loss=0.3670 | test acc=0.8746
/home/petty/torch-env/lib/python3.12/site-packages/torchvision/datasets/cifar.py:83: VisibleDeprecationWarning: dtype(): align should be passed as Python or NumPy boolean but got `align=0`. Did you mean to pass a tuple to create a subarray type? (Deprecated NumPy 2.4)
  entry = pickle.load(f, encoding="latin1")
Device: cuda
Loading checkpoint: vgg16_pruned_and_compressed_v4_99pct.pt
Loading weights: vgg16_finetuned_99pct.pt
Sparsity: 0.9919  active=1,085,377 / 134,289,088
/home/petty/pruning-research/vgg16-fisher/finetune_sparse.py:149: UserWarning: Detected call of `lr_scheduler.step()` before `optimizer.step()`. In PyTorch 1.1.0 and later, you should call them in the opposite order: `optimizer.step()` before `lr_scheduler.step()`.  Failure to do this will result in PyTorch skipping the first value of the learning rate schedule. See more details at https://pytorch.org/docs/stable/optim.html#how-to-adjust-learning-rate
  scheduler.step()
Baseline | test loss=0.3745 | test acc=0.8746
Resuming from epoch 13, previous best: 0.8746
Epoch  13/100 | lr=9.63e-05 | test loss=0.3772 | test acc=0.8701
Traceback (most recent call last):
  File "/home/petty/pruning-research/vgg16-fisher/finetune_sparse.py", line 212, in <module>
    main()
  File "/home/petty/pruning-research/vgg16-fisher/finetune_sparse.py", line 160, in main
    train_epoch(model, train_loader, optimizer, device)
  File "/home/petty/pruning-research/vgg16-fisher/finetune_sparse.py", line 72, in train_epoch
    x, y = x.to(device), y.to(device)
           ^^^^^^^^^^^^
  File "/home/petty/torch-env/lib/python3.12/site-packages/torch/utils/data/_utils/signal_handling.py", line 73, in handler
    _error_if_any_worker_fails()
RuntimeError: DataLoader worker (pid 2717432) is killed by signal: Terminated. 
