/home/petty/torch-env/lib/python3.12/site-packages/torchvision/datasets/cifar.py:83: VisibleDeprecationWarning: dtype(): align should be passed as Python or NumPy boolean but got `align=0`. Did you mean to pass a tuple to create a subarray type? (Deprecated NumPy 2.4)
  entry = pickle.load(f, encoding="latin1")
Device: cuda
Loading checkpoint: vgg16_pruned_and_compressed_v4_99pct.pt
Sparsity: 0.9919  active=1,085,377 / 134,289,088
Baseline | test loss=0.4266 | test acc=0.8572
Epoch   1/100 | lr=1.00e-04 | test loss=0.3960 | test acc=0.8656 ← best
Epoch   2/100 | lr=9.99e-05 | test loss=0.3901 | test acc=0.8673 ← best
Epoch   3/100 | lr=9.98e-05 | test loss=0.3791 | test acc=0.8704 ← best
Epoch   4/100 | lr=9.96e-05 | test loss=0.3699 | test acc=0.8733 ← best
Epoch   5/100 | lr=9.94e-05 | test loss=0.3863 | test acc=0.8669
Epoch   6/100 | lr=9.92e-05 | test loss=0.3578 | test acc=0.8786 ← best
Epoch   7/100 | lr=9.89e-05 | test loss=0.3661 | test acc=0.8779
Epoch   8/100 | lr=9.86e-05 | test loss=0.3480 | test acc=0.8840 ← best
Epoch   9/100 | lr=9.82e-05 | test loss=0.3697 | test acc=0.8758
Epoch  10/100 | lr=9.78e-05 | test loss=0.3450 | test acc=0.8831
Epoch  11/100 | lr=9.73e-05 | test loss=0.3428 | test acc=0.8834
Epoch  12/100 | lr=9.68e-05 | test loss=0.3396 | test acc=0.8857 ← best
Epoch  13/100 | lr=9.63e-05 | test loss=0.3331 | test acc=0.8864 ← best
Epoch  14/100 | lr=9.57e-05 | test loss=0.3302 | test acc=0.8889 ← best
Epoch  15/100 | lr=9.51e-05 | test loss=0.3470 | test acc=0.8837
Epoch  16/100 | lr=9.44e-05 | test loss=0.3304 | test acc=0.8901 ← best
Epoch  17/100 | lr=9.37e-05 | test loss=0.3288 | test acc=0.8874
Epoch  18/100 | lr=9.30e-05 | test loss=0.3242 | test acc=0.8910 ← best
Epoch  19/100 | lr=9.22e-05 | test loss=0.3331 | test acc=0.8875
Epoch  20/100 | lr=9.14e-05 | test loss=0.3438 | test acc=0.8858
Epoch  21/100 | lr=9.06e-05 | test loss=0.3183 | test acc=0.8950 ← best
Epoch  22/100 | lr=8.97e-05 | test loss=0.3260 | test acc=0.8907
Epoch  23/100 | lr=8.88e-05 | test loss=0.3386 | test acc=0.8861
Epoch  24/100 | lr=8.78e-05 | test loss=0.3226 | test acc=0.8921
Epoch  25/100 | lr=8.68e-05 | test loss=0.3174 | test acc=0.8921
Epoch  26/100 | lr=8.58e-05 | test loss=0.3183 | test acc=0.8946
Epoch  27/100 | lr=8.48e-05 | test loss=0.3315 | test acc=0.8893
Epoch  28/100 | lr=8.37e-05 | test loss=0.3165 | test acc=0.8925
Epoch  29/100 | lr=8.26e-05 | test loss=0.3037 | test acc=0.8979 ← best
Epoch  30/100 | lr=8.15e-05 | test loss=0.3081 | test acc=0.8962
Epoch  31/100 | lr=8.03e-05 | test loss=0.3095 | test acc=0.8976
Epoch  32/100 | lr=7.91e-05 | test loss=0.3200 | test acc=0.8938
Epoch  33/100 | lr=7.79e-05 | test loss=0.3149 | test acc=0.8950
Epoch  34/100 | lr=7.67e-05 | test loss=0.3177 | test acc=0.8938
Epoch  35/100 | lr=7.54e-05 | test loss=0.3061 | test acc=0.8980 ← best
Epoch  36/100 | lr=7.42e-05 | test loss=0.2976 | test acc=0.8998 ← best
Epoch  37/100 | lr=7.29e-05 | test loss=0.3077 | test acc=0.8976
Epoch  38/100 | lr=7.16e-05 | test loss=0.3020 | test acc=0.8988
Epoch  39/100 | lr=7.02e-05 | test loss=0.3079 | test acc=0.8982
Epoch  40/100 | lr=6.89e-05 | test loss=0.2981 | test acc=0.9002 ← best
Epoch  41/100 | lr=6.76e-05 | test loss=0.3029 | test acc=0.8998
Epoch  42/100 | lr=6.62e-05 | test loss=0.3049 | test acc=0.8957
Epoch  43/100 | lr=6.48e-05 | test loss=0.2930 | test acc=0.9007 ← best
Epoch  44/100 | lr=6.34e-05 | test loss=0.2877 | test acc=0.9016 ← best
Epoch  45/100 | lr=6.20e-05 | test loss=0.2984 | test acc=0.9004
Epoch  46/100 | lr=6.06e-05 | test loss=0.3020 | test acc=0.8986
Epoch  47/100 | lr=5.92e-05 | test loss=0.2999 | test acc=0.9032 ← best
Epoch  48/100 | lr=5.78e-05 | test loss=0.3019 | test acc=0.8984
Epoch  49/100 | lr=5.64e-05 | test loss=0.2880 | test acc=0.9042 ← best
Epoch  50/100 | lr=5.50e-05 | test loss=0.2976 | test acc=0.9003
Epoch  51/100 | lr=5.36e-05 | test loss=0.2916 | test acc=0.9035
Epoch  52/100 | lr=5.22e-05 | test loss=0.2947 | test acc=0.9034
Epoch  53/100 | lr=5.08e-05 | test loss=0.2974 | test acc=0.9037
Epoch  54/100 | lr=4.94e-05 | test loss=0.3092 | test acc=0.8996
Epoch  55/100 | lr=4.80e-05 | test loss=0.2911 | test acc=0.9042
Epoch  56/100 | lr=4.66e-05 | test loss=0.2928 | test acc=0.9041
Epoch  57/100 | lr=4.52e-05 | test loss=0.2963 | test acc=0.9021
Epoch  58/100 | lr=4.38e-05 | test loss=0.2883 | test acc=0.9043 ← best
Epoch  59/100 | lr=4.24e-05 | test loss=0.2883 | test acc=0.9061 ← best
Epoch  60/100 | lr=4.11e-05 | test loss=0.2864 | test acc=0.9048
Epoch  61/100 | lr=3.98e-05 | test loss=0.3318 | test acc=0.8884
Epoch  62/100 | lr=3.84e-05 | test loss=0.3320 | test acc=0.8879
Epoch  63/100 | lr=3.71e-05 | test loss=0.3305 | test acc=0.8889
Epoch  64/100 | lr=3.58e-05 | test loss=0.3333 | test acc=0.8882
Epoch  65/100 | lr=3.46e-05 | test loss=0.3330 | test acc=0.8882
Epoch  66/100 | lr=3.33e-05 | test loss=0.3313 | test acc=0.8888
Epoch  67/100 | lr=3.21e-05 | test loss=0.3299 | test acc=0.8890
Epoch  68/100 | lr=3.09e-05 | test loss=0.3291 | test acc=0.8921 ← best
Epoch  69/100 | lr=2.97e-05 | test loss=0.3288 | test acc=0.8875
Epoch  70/100 | lr=2.85e-05 | test loss=0.3290 | test acc=0.8900
Epoch  71/100 | lr=2.74e-05 | test loss=0.3283 | test acc=0.8897
Epoch  72/100 | lr=2.63e-05 | test loss=0.3259 | test acc=0.8901
Epoch  73/100 | lr=2.52e-05 | test loss=0.3279 | test acc=0.8882
Epoch  74/100 | lr=2.42e-05 | test loss=0.3273 | test acc=0.8906
Epoch  75/100 | lr=2.32e-05 | test loss=0.3269 | test acc=0.8899
Epoch  76/100 | lr=2.22e-05 | test loss=0.3296 | test acc=0.8887
Epoch  77/100 | lr=2.12e-05 | test loss=0.3289 | test acc=0.8896
